[09:39:50.171] - 0:0:0:0:0:0:0:1:web::http://localhost:8081/spring/main
[09:39:50.303] - 0:0:0:0:0:0:0:1:web::http://localhost:8081/spring/resources/css/main-style.css
[09:39:50.389] - 0:0:0:0:0:0:0:1:web::http://localhost:8081/spring/resources/js/main/main.js
[09:39:50.390] - 0:0:0:0:0:0:0:1:web::http://localhost:8081/spring/resources/images/top_logo.jpg
[09:39:50.422] - 0:0:0:0:0:0:0:1:web::http://localhost:8081/spring/member/selectAll
[09:39:50.679] - 0:0:0:0:0:0:0:1:web::http://localhost:8081/spring/member/selectAll
[09:39:54.723] - 0:0:0:0:0:0:0:1:web::http://localhost:8081/spring/member/login?userId=wjdwldus1213@naver.com&userPwd=j880510!&saveId=on
[09:39:54.858] - 0:0:0:0:0:0:0:1:web:wjdwldus1213@naver.com:http://localhost:8081/spring/main
[09:39:54.894] - 0:0:0:0:0:0:0:1:web:wjdwldus1213@naver.com:http://localhost:8081/spring/resources/images/user.jpg
[09:39:54.929] - 0:0:0:0:0:0:0:1:web:wjdwldus1213@naver.com:http://localhost:8081/spring/member/selectAll
[09:39:54.935] - 0:0:0:0:0:0:0:1:web:wjdwldus1213@naver.com:http://localhost:8081/spring/member/selectAll
[09:39:57.641] - 0:0:0:0:0:0:0:1:web:wjdwldus1213@naver.com:http://localhost:8081/spring/chat/chatRoomList
[09:40:06.511] - 0:0:0:0:0:0:0:1:web:wjdwldus1213@naver.com:http://localhost:8081/spring/chat/openChatRoom?title=테스트방
[09:40:06.527] - 0:0:0:0:0:0:0:1:web:wjdwldus1213@naver.com:http://localhost:8081/spring/chat/chatRoomList?alertMsg=%EC%B1%84%ED%8C%85%EB%B0%A9+%EC%83%9D%EC%84%B1+%EC%84%B1%EA%B3%B5
[09:50:25.317] - 0:0:0:0:0:0:0:1:web::http://localhost:8081/spring/main
[09:50:26.421] - 0:0:0:0:0:0:0:1:web::http://localhost:8081/spring/member/selectAll
[09:50:26.605] - 0:0:0:0:0:0:0:1:web::http://localhost:8081/spring/member/selectAll
[10:36:49.261] - 0:0:0:0:0:0:0:1:web::http://localhost:8081/spring/main
[10:36:49.426] - 0:0:0:0:0:0:0:1:web::http://localhost:8081/spring/member/selectAll
[10:36:49.598] - 0:0:0:0:0:0:0:1:web::http://localhost:8081/spring/member/selectAll
[10:36:53.220] - 0:0:0:0:0:0:0:1:web::http://localhost:8081/spring/member/login?userId=wjdwldus1213@naver.com&userPwd=j880510!&saveId=on
[10:36:53.349] - 0:0:0:0:0:0:0:1:web:wjdwldus1213@naver.com:http://localhost:8081/spring/main
[10:36:53.385] - 0:0:0:0:0:0:0:1:web:wjdwldus1213@naver.com:http://localhost:8081/spring/member/selectAll
[10:36:53.393] - 0:0:0:0:0:0:0:1:web:wjdwldus1213@naver.com:http://localhost:8081/spring/member/selectAll
[10:36:55.086] - 0:0:0:0:0:0:0:1:web:wjdwldus1213@naver.com:http://localhost:8081/spring/chat/chatRoomList
[10:36:58.307] - 0:0:0:0:0:0:0:1:web:wjdwldus1213@naver.com:http://localhost:8081/spring/chat/room/21
[10:39:30.686] - 0:0:0:0:0:0:0:1:web::http://localhost:8081/spring/main
[10:39:30.824] - 0:0:0:0:0:0:0:1:web::http://localhost:8081/spring/member/selectAll
[10:39:30.999] - 0:0:0:0:0:0:0:1:web::http://localhost:8081/spring/member/selectAll
[10:39:34.799] - 0:0:0:0:0:0:0:1:web::http://localhost:8081/spring/member/login?userId=wjdwldus1213@naver.com&userPwd=j880510!&saveId=on
[10:39:34.930] - 0:0:0:0:0:0:0:1:web:wjdwldus1213@naver.com:http://localhost:8081/spring/main
[10:39:34.973] - 0:0:0:0:0:0:0:1:web:wjdwldus1213@naver.com:http://localhost:8081/spring/member/selectAll
[10:39:34.980] - 0:0:0:0:0:0:0:1:web:wjdwldus1213@naver.com:http://localhost:8081/spring/member/selectAll
[10:39:37.332] - 0:0:0:0:0:0:0:1:web:wjdwldus1213@naver.com:http://localhost:8081/spring/chat/chatRoomList
[10:39:38.147] - 0:0:0:0:0:0:0:1:web:wjdwldus1213@naver.com:http://localhost:8081/spring/chat/room/21
[10:39:39.019] - 0:0:0:0:0:0:0:1:web:wjdwldus1213@naver.com:http://localhost:8081/spring/resources/css/chat-style.css
[10:39:39.040] - 0:0:0:0:0:0:0:1:web:wjdwldus1213@naver.com:http://localhost:8081/spring/resources/main/chunsickbackground.png
[10:47:57.261] - 0:0:0:0:0:0:0:1:web::http://localhost:8081/spring/main
[10:47:57.440] - 0:0:0:0:0:0:0:1:web::http://localhost:8081/spring/member/selectAll
[10:47:57.614] - 0:0:0:0:0:0:0:1:web::http://localhost:8081/spring/member/selectAll
[10:48:00.327] - 0:0:0:0:0:0:0:1:web::http://localhost:8081/spring/member/login?userId=wjdwldus1213@naver.com&userPwd=1234&saveId=on
[10:48:00.468] - 0:0:0:0:0:0:0:1:web::http://localhost:8081/spring/main
[10:48:00.502] - 0:0:0:0:0:0:0:1:web::http://localhost:8081/spring/member/selectAll
[10:48:00.509] - 0:0:0:0:0:0:0:1:web::http://localhost:8081/spring/member/selectAll
[10:49:20.506] - 0:0:0:0:0:0:0:1:web::http://localhost:8081/spring/member/login?userId=wjdwldus1213@naver.com&userPwd=j880510!&saveId=on
[10:49:20.582] - 0:0:0:0:0:0:0:1:web:wjdwldus1213@naver.com:http://localhost:8081/spring/main
[10:49:20.647] - 0:0:0:0:0:0:0:1:web:wjdwldus1213@naver.com:http://localhost:8081/spring/member/selectAll
[10:49:20.653] - 0:0:0:0:0:0:0:1:web:wjdwldus1213@naver.com:http://localhost:8081/spring/member/selectAll
[10:49:23.868] - 0:0:0:0:0:0:0:1:web:wjdwldus1213@naver.com:http://localhost:8081/spring/chat/chatRoomList
[10:49:25.525] - 0:0:0:0:0:0:0:1:web:wjdwldus1213@naver.com:http://localhost:8081/spring/chat/room/3
[10:49:25.581] - 0:0:0:0:0:0:0:1:web:wjdwldus1213@naver.com:http://localhost:8081/spring/resources/main/chunsickbackground.png
[10:49:26.858] - 0:0:0:0:0:0:0:1:web:wjdwldus1213@naver.com:http://localhost:8081/spring/chat/chatRoomList
[10:49:28.667] - 0:0:0:0:0:0:0:1:web:wjdwldus1213@naver.com:http://localhost:8081/spring/chat/room/21
[11:08:56.029] - 0:0:0:0:0:0:0:1:web::http://localhost:8081/spring/main
[11:08:56.212] - 0:0:0:0:0:0:0:1:web::http://localhost:8081/spring/member/selectAll
[11:08:56.391] - 0:0:0:0:0:0:0:1:web::http://localhost:8081/spring/member/selectAll
[11:09:02.015] - 0:0:0:0:0:0:0:1:web::http://localhost:8081/spring/member/login?userId=wjdwldus1213@naver.com&userPwd=j880510!&saveId=on
[11:09:02.146] - 0:0:0:0:0:0:0:1:web:wjdwldus1213@naver.com:http://localhost:8081/spring/main
[11:09:02.194] - 0:0:0:0:0:0:0:1:web:wjdwldus1213@naver.com:http://localhost:8081/spring/member/selectAll
[11:09:02.201] - 0:0:0:0:0:0:0:1:web:wjdwldus1213@naver.com:http://localhost:8081/spring/member/selectAll
[11:09:04.087] - 0:0:0:0:0:0:0:1:web:wjdwldus1213@naver.com:http://localhost:8081/spring/chat/chatRoomList
[11:09:05.285] - 0:0:0:0:0:0:0:1:web:wjdwldus1213@naver.com:http://localhost:8081/spring/chat/room/21
[11:09:06.254] - 0:0:0:0:0:0:0:1:web:wjdwldus1213@naver.com:http://localhost:8081/spring/resources/js/chat/chat.js
[11:09:06.267] - 0:0:0:0:0:0:0:1:web:wjdwldus1213@naver.com:http://localhost:8081/spring/resources/main/chunsickbackground.png
[11:09:06.291] - 0:0:0:0:0:0:0:1:web:wjdwldus1213@naver.com:http://localhost:8081/spring/chat/info?t=1683166146289
[11:09:06.310] - 0:0:0:0:0:0:0:1:web:wjdwldus1213@naver.com:http://localhost:8081/spring/chat/118/xevqjyqm/websocket
[11:13:21.203] - 0:0:0:0:0:0:0:1:web:wjdwldus1213@naver.com:http://localhost:8081/spring/chat/room/21
[11:13:21.224] - 0:0:0:0:0:0:0:1:web:wjdwldus1213@naver.com:http://localhost:8081/spring/resources/js/chat/chat.js
[11:13:21.238] - 0:0:0:0:0:0:0:1:web:wjdwldus1213@naver.com:http://localhost:8081/spring/resources/main/chunsickbackground.png
[11:13:21.240] - 0:0:0:0:0:0:0:1:web:wjdwldus1213@naver.com:http://localhost:8081/spring/chat/info?t=1683166401238
[11:13:21.244] - 0:0:0:0:0:0:0:1:web:wjdwldus1213@naver.com:http://localhost:8081/spring/chat/366/blrse1eu/websocket
[11:13:51.446] - 0:0:0:0:0:0:0:1:web::http://localhost:8081/spring/main
[11:13:51.446] - 0:0:0:0:0:0:0:1:web::http://localhost:8081/spring/main
[11:13:51.604] - 0:0:0:0:0:0:0:1:web::http://localhost:8081/spring/member/selectAll
[11:13:51.777] - 0:0:0:0:0:0:0:1:web::http://localhost:8081/spring/member/selectAll
[11:13:55.651] - 0:0:0:0:0:0:0:1:web::http://localhost:8081/spring/member/login?userId=wjdwldus1213@naver.com&userPwd=j880510!&saveId=on
[11:13:55.785] - 0:0:0:0:0:0:0:1:web:wjdwldus1213@naver.com:http://localhost:8081/spring/main
[11:13:55.826] - 0:0:0:0:0:0:0:1:web:wjdwldus1213@naver.com:http://localhost:8081/spring/member/selectAll
[11:13:55.833] - 0:0:0:0:0:0:0:1:web:wjdwldus1213@naver.com:http://localhost:8081/spring/member/selectAll
[11:13:57.709] - 0:0:0:0:0:0:0:1:web:wjdwldus1213@naver.com:http://localhost:8081/spring/chat/chatRoomList
[11:13:58.621] - 0:0:0:0:0:0:0:1:web:wjdwldus1213@naver.com:http://localhost:8081/spring/chat/room/21
[11:13:58.658] - 0:0:0:0:0:0:0:1:web:wjdwldus1213@naver.com:http://localhost:8081/spring/resources/js/chat/chat.js
[11:13:58.668] - 0:0:0:0:0:0:0:1:web:wjdwldus1213@naver.com:http://localhost:8081/spring/chat/info?t=1683166438665
[11:13:58.685] - 0:0:0:0:0:0:0:1:web:wjdwldus1213@naver.com:http://localhost:8081/spring/chat/116/b10aybpz/websocket
[11:19:30.347] - 0:0:0:0:0:0:0:1:web::http://localhost:8081/spring/main
[11:19:30.497] - 0:0:0:0:0:0:0:1:web::http://localhost:8081/spring/member/selectAll
[11:19:30.670] - 0:0:0:0:0:0:0:1:web::http://localhost:8081/spring/member/selectAll
[11:19:34.428] - 0:0:0:0:0:0:0:1:web::http://localhost:8081/spring/member/login?userId=wjdwldus1213@naver.com&userPwd=j880510!&saveId=on
[11:19:34.557] - 0:0:0:0:0:0:0:1:web:wjdwldus1213@naver.com:http://localhost:8081/spring/main
[11:19:34.596] - 0:0:0:0:0:0:0:1:web:wjdwldus1213@naver.com:http://localhost:8081/spring/member/selectAll
[11:19:34.602] - 0:0:0:0:0:0:0:1:web:wjdwldus1213@naver.com:http://localhost:8081/spring/member/selectAll
[11:19:36.695] - 0:0:0:0:0:0:0:1:web:wjdwldus1213@naver.com:http://localhost:8081/spring/chat/chatRoomList
[11:19:37.774] - 0:0:0:0:0:0:0:1:web:wjdwldus1213@naver.com:http://localhost:8081/spring/chat/room/21
[11:19:37.811] - 0:0:0:0:0:0:0:1:web:wjdwldus1213@naver.com:http://localhost:8081/spring/resources/js/chat/chat.js
[11:19:37.818] - 0:0:0:0:0:0:0:1:web:wjdwldus1213@naver.com:http://localhost:8081/spring/resources/main/chunsickbackground.png
[11:19:37.819] - 0:0:0:0:0:0:0:1:web:wjdwldus1213@naver.com:http://localhost:8081/spring/chat/info?t=1683166777817
[11:19:37.837] - 0:0:0:0:0:0:0:1:web:wjdwldus1213@naver.com:http://localhost:8081/spring/chat/686/25qni2sv/websocket
[11:20:33.633] - 0:0:0:0:0:0:0:1:web:wjdwldus1213@naver.com:http://localhost:8081/spring/chat/room/21
[11:20:33.654] - 0:0:0:0:0:0:0:1:web:wjdwldus1213@naver.com:http://localhost:8081/spring/resources/css/main-style.css
[11:20:33.656] - 0:0:0:0:0:0:0:1:web:wjdwldus1213@naver.com:http://localhost:8081/spring/resources/css/chat-style.css
[11:20:33.659] - 0:0:0:0:0:0:0:1:web:wjdwldus1213@naver.com:http://localhost:8081/spring/resources/js/chat/chat.js
[11:20:33.660] - 0:0:0:0:0:0:0:1:web:wjdwldus1213@naver.com:http://localhost:8081/spring/resources/images/top_logo.jpg
[11:20:34.046] - 0:0:0:0:0:0:0:1:web:wjdwldus1213@naver.com:http://localhost:8081/spring/resources/main/chunsickbackground.png
[11:20:34.236] - 0:0:0:0:0:0:0:1:web:wjdwldus1213@naver.com:http://localhost:8081/spring/chat/info?t=1683166834060
[11:20:34.243] - 0:0:0:0:0:0:0:1:web:wjdwldus1213@naver.com:http://localhost:8081/spring/chat/848/w5s2orz0/websocket
[11:21:29.939] - 0:0:0:0:0:0:0:1:web:wjdwldus1213@naver.com:http://localhost:8081/spring/chat/room/21
[11:21:30.813] - 0:0:0:0:0:0:0:1:web:wjdwldus1213@naver.com:http://localhost:8081/spring/resources/js/chat/chat.js
[11:21:30.869] - 0:0:0:0:0:0:0:1:web:wjdwldus1213@naver.com:http://localhost:8081/spring/chat/info?t=1683166890867
[11:21:30.874] - 0:0:0:0:0:0:0:1:web:wjdwldus1213@naver.com:http://localhost:8081/spring/chat/494/tdxmixch/websocket
[11:24:11.833] - 0:0:0:0:0:0:0:1:web::http://localhost:8081/spring/main
[11:24:12.000] - 0:0:0:0:0:0:0:1:web::http://localhost:8081/spring/resources/js/main/main.js
[11:24:12.537] - 0:0:0:0:0:0:0:1:web::http://localhost:8081/spring/member/selectAll
[11:24:15.956] - 0:0:0:0:0:0:0:1:web::http://localhost:8081/spring/member/login?userId=wjdwldus1213@naver.com&userPwd=j880510!&saveId=on
[11:24:16.097] - 0:0:0:0:0:0:0:1:web:wjdwldus1213@naver.com:http://localhost:8081/spring/main
[11:24:16.117] - 0:0:0:0:0:0:0:1:web:wjdwldus1213@naver.com:http://localhost:8081/spring/resources/images/user.jpg
[11:24:16.144] - 0:0:0:0:0:0:0:1:web:wjdwldus1213@naver.com:http://localhost:8081/spring/member/selectAll
[11:24:18.175] - 0:0:0:0:0:0:0:1:web:wjdwldus1213@naver.com:http://localhost:8081/spring/chat/chatRoomList
[11:26:42.744] - 0:0:0:0:0:0:0:1:web:wjdwldus1213@naver.com:http://localhost:8081/spring/chat/room/21
[11:26:42.785] - 0:0:0:0:0:0:0:1:web:wjdwldus1213@naver.com:http://localhost:8081/spring/resources/js/chat/chat.js
[11:26:42.799] - 0:0:0:0:0:0:0:1:web:wjdwldus1213@naver.com:http://localhost:8081/spring/resources/main/chunsickbackground.png
[11:26:42.802] - 0:0:0:0:0:0:0:1:web:wjdwldus1213@naver.com:http://localhost:8081/spring/chat/info?t=1683167202800
[11:26:42.821] - 0:0:0:0:0:0:0:1:web:wjdwldus1213@naver.com:http://localhost:8081/spring/chat/388/iwqttavp/websocket
[11:50:58.416] - 0:0:0:0:0:0:0:1:web::http://localhost:8081/spring/chat/room/21
[11:50:59.425] - 0:0:0:0:0:0:0:1:web::http://localhost:8081/spring/main
[11:50:59.504] - 0:0:0:0:0:0:0:1:web::http://localhost:8081/spring/member/selectAll
[11:51:03.395] - 0:0:0:0:0:0:0:1:web::http://localhost:8081/spring/member/login?userId=wjdwldus1213@naver.com&userPwd=j880510!&saveId=on
[11:51:03.518] - 0:0:0:0:0:0:0:1:web:wjdwldus1213@naver.com:http://localhost:8081/spring/main
[11:51:03.558] - 0:0:0:0:0:0:0:1:web:wjdwldus1213@naver.com:http://localhost:8081/spring/member/selectAll
[11:51:05.583] - 0:0:0:0:0:0:0:1:web:wjdwldus1213@naver.com:http://localhost:8081/spring/chat/chatRoomList
[11:51:07.693] - 0:0:0:0:0:0:0:1:web:wjdwldus1213@naver.com:http://localhost:8081/spring/chat/room/21
[11:51:07.732] - 0:0:0:0:0:0:0:1:web:wjdwldus1213@naver.com:http://localhost:8081/spring/resources/js/chat/chat.js
[11:51:07.738] - 0:0:0:0:0:0:0:1:web:wjdwldus1213@naver.com:http://localhost:8081/spring/chat/info?t=1683168667737
[11:51:07.741] - 0:0:0:0:0:0:0:1:web:wjdwldus1213@naver.com:http://localhost:8081/spring/resources/main/chunsickbackground.png
[11:51:07.760] - 0:0:0:0:0:0:0:1:web:wjdwldus1213@naver.com:http://localhost:8081/spring/chat/368/53rospif/websocket
[12:02:37.744] - 0:0:0:0:0:0:0:1:web::http://localhost:8081/spring/main
[12:02:37.937] - 0:0:0:0:0:0:0:1:web::http://localhost:8081/spring/member/selectAll
[12:02:41.472] - 0:0:0:0:0:0:0:1:web::http://localhost:8081/spring/member/login?userId=wjdwldus1213@naver.com&userPwd=j880510&saveId=on
[12:02:41.616] - 0:0:0:0:0:0:0:1:web::http://localhost:8081/spring/main
[12:02:41.654] - 0:0:0:0:0:0:0:1:web::http://localhost:8081/spring/member/selectAll
[12:02:46.336] - 0:0:0:0:0:0:0:1:web::http://localhost:8081/spring/member/login?userId=wjdwldus1213@naver.com&userPwd=j880510!&saveId=on
[12:02:46.412] - 0:0:0:0:0:0:0:1:web:wjdwldus1213@naver.com:http://localhost:8081/spring/main
[12:02:46.454] - 0:0:0:0:0:0:0:1:web:wjdwldus1213@naver.com:http://localhost:8081/spring/member/selectAll
[12:02:48.375] - 0:0:0:0:0:0:0:1:web:wjdwldus1213@naver.com:http://localhost:8081/spring/chat/chatRoomList
[12:02:49.422] - 0:0:0:0:0:0:0:1:web:wjdwldus1213@naver.com:http://localhost:8081/spring/chat/room/21
[12:02:49.511] - 0:0:0:0:0:0:0:1:web:wjdwldus1213@naver.com:http://localhost:8081/spring/resources/js/chat/chat.js
[12:02:49.516] - 0:0:0:0:0:0:0:1:web:wjdwldus1213@naver.com:http://localhost:8081/spring/chat/info?t=1683169369515
[12:02:49.519] - 0:0:0:0:0:0:0:1:web:wjdwldus1213@naver.com:http://localhost:8081/spring/resources/main/chunsickbackground.png
[12:02:49.524] - 0:0:0:0:0:0:0:1:web:wjdwldus1213@naver.com:http://localhost:8081/spring/chat/232/wyowumrl/websocket
[12:03:00.533] - 0:0:0:0:0:0:0:1:web:wjdwldus1213@naver.com:http://localhost:8081/spring/chat/room/21
[12:03:00.570] - 0:0:0:0:0:0:0:1:web:wjdwldus1213@naver.com:http://localhost:8081/spring/chat/info?t=1683169380569
[12:03:00.575] - 0:0:0:0:0:0:0:1:web:wjdwldus1213@naver.com:http://localhost:8081/spring/chat/645/bxcp03d4/websocket
[12:03:58.473] - 0:0:0:0:0:0:0:1:web::http://localhost:8081/spring/main
[12:03:58.614] - 0:0:0:0:0:0:0:1:web::http://localhost:8081/spring/member/selectAll
[12:04:02.164] - 0:0:0:0:0:0:0:1:web::http://localhost:8081/spring/member/login?userId=wjdwldus1213@naver.com&userPwd=j880510!&saveId=on
[12:04:02.294] - 0:0:0:0:0:0:0:1:web:wjdwldus1213@naver.com:http://localhost:8081/spring/main
[12:04:02.333] - 0:0:0:0:0:0:0:1:web:wjdwldus1213@naver.com:http://localhost:8081/spring/member/selectAll
[12:04:03.987] - 0:0:0:0:0:0:0:1:web:wjdwldus1213@naver.com:http://localhost:8081/spring/chat/chatRoomList
[12:04:04.735] - 0:0:0:0:0:0:0:1:web:wjdwldus1213@naver.com:http://localhost:8081/spring/chat/room/21
[12:04:04.813] - 0:0:0:0:0:0:0:1:web:wjdwldus1213@naver.com:http://localhost:8081/spring/chat/info?t=1683169444806
[12:04:04.830] - 0:0:0:0:0:0:0:1:web:wjdwldus1213@naver.com:http://localhost:8081/spring/chat/708/2g3b5pxi/websocket
[12:04:16.110] - 0:0:0:0:0:0:0:1:web:wjdwldus1213@naver.com:http://localhost:8081/spring/chat/room/21
[12:04:16.151] - 0:0:0:0:0:0:0:1:web:wjdwldus1213@naver.com:http://localhost:8081/spring/chat/info?t=1683169456150
[12:04:16.156] - 0:0:0:0:0:0:0:1:web:wjdwldus1213@naver.com:http://localhost:8081/spring/chat/932/qsipoxqx/websocket
[12:07:45.280] - 0:0:0:0:0:0:0:1:web:wjdwldus1213@naver.com:http://localhost:8081/spring/chat/chatRoomList
[12:07:53.296] - 0:0:0:0:0:0:0:1:web:wjdwldus1213@naver.com:http://localhost:8081/spring/chat/openChatRoom?title=지연이방
[12:07:53.312] - 0:0:0:0:0:0:0:1:web:wjdwldus1213@naver.com:http://localhost:8081/spring/chat/chatRoomList
[12:19:35.440] - 0:0:0:0:0:0:0:1:web:wjdwldus1213@naver.com:http://localhost:8081/spring/chat/chatRoomList
[12:19:37.312] - 0:0:0:0:0:0:0:1:web:wjdwldus1213@naver.com:http://localhost:8081/spring/chat/room/21
[12:19:37.332] - 0:0:0:0:0:0:0:1:web:wjdwldus1213@naver.com:http://localhost:8081/spring/resources/js/chat/chat.js
[12:19:37.349] - 0:0:0:0:0:0:0:1:web:wjdwldus1213@naver.com:http://localhost:8081/spring/resources/main/chunsickbackground.png
[12:19:37.353] - 0:0:0:0:0:0:0:1:web:wjdwldus1213@naver.com:http://localhost:8081/spring/chat/info?t=1683170377351
[12:19:37.358] - 0:0:0:0:0:0:0:1:web:wjdwldus1213@naver.com:http://localhost:8081/spring/chat/110/iwg5w4il/websocket
[12:34:26.826] - 0:0:0:0:0:0:0:1:web:wjdwldus1213@naver.com:http://localhost:8081/spring/chat/room/21
[12:34:26.851] - 0:0:0:0:0:0:0:1:web:wjdwldus1213@naver.com:http://localhost:8081/spring/resources/js/chat/chat.js
[12:34:26.890] - 0:0:0:0:0:0:0:1:web:wjdwldus1213@naver.com:http://localhost:8081/spring/resources/main/chunsickbackground.png
[12:34:26.903] - 0:0:0:0:0:0:0:1:web:wjdwldus1213@naver.com:http://localhost:8081/spring/chat/info?t=1683171266899
[12:34:26.907] - 0:0:0:0:0:0:0:1:web:wjdwldus1213@naver.com:http://localhost:8081/spring/chat/300/vkurazn3/websocket
[12:34:47.667] - 0:0:0:0:0:0:0:1:web:wjdwldus1213@naver.com:http://localhost:8081/spring/chat/room/21
[12:34:47.693] - 0:0:0:0:0:0:0:1:web:wjdwldus1213@naver.com:http://localhost:8081/spring/resources/js/chat/chat.js
[12:34:47.728] - 0:0:0:0:0:0:0:1:web:wjdwldus1213@naver.com:http://localhost:8081/spring/chat/info?t=1683171287727
[12:34:47.733] - 0:0:0:0:0:0:0:1:web:wjdwldus1213@naver.com:http://localhost:8081/spring/chat/578/yy5snyb0/websocket
[12:36:28.564] - 0:0:0:0:0:0:0:1:web:wjdwldus1213@naver.com:http://localhost:8081/spring/chat/room/21
[12:36:28.602] - 0:0:0:0:0:0:0:1:web:wjdwldus1213@naver.com:http://localhost:8081/spring/resources/css/main-style.css
[12:36:28.604] - 0:0:0:0:0:0:0:1:web:wjdwldus1213@naver.com:http://localhost:8081/spring/resources/css/chat-style.css
[12:36:28.607] - 0:0:0:0:0:0:0:1:web:wjdwldus1213@naver.com:http://localhost:8081/spring/resources/images/top_logo.jpg
[12:36:28.607] - 0:0:0:0:0:0:0:1:web:wjdwldus1213@naver.com:http://localhost:8081/spring/resources/js/chat/chat.js
[12:36:28.803] - 0:0:0:0:0:0:0:1:web:wjdwldus1213@naver.com:http://localhost:8081/spring/resources/main/chunsickbackground.png
[12:36:28.818] - 0:0:0:0:0:0:0:1:web:wjdwldus1213@naver.com:http://localhost:8081/spring/chat/info?t=1683171388815
[12:36:28.823] - 0:0:0:0:0:0:0:1:web:wjdwldus1213@naver.com:http://localhost:8081/spring/chat/895/ai2g22up/websocket
[12:36:56.233] - 0:0:0:0:0:0:0:1:web:wjdwldus1213@naver.com:http://localhost:8081/spring/chat/room/21
[12:36:56.255] - 0:0:0:0:0:0:0:1:web:wjdwldus1213@naver.com:http://localhost:8081/spring/resources/js/chat/chat.js
[12:36:56.309] - 0:0:0:0:0:0:0:1:web:wjdwldus1213@naver.com:http://localhost:8081/spring/chat/info?t=1683171416307
[12:36:56.314] - 0:0:0:0:0:0:0:1:web:wjdwldus1213@naver.com:http://localhost:8081/spring/chat/607/xgjtrkax/websocket
[12:39:24.743] - 0:0:0:0:0:0:0:1:web:wjdwldus1213@naver.com:http://localhost:8081/spring/chat/room/21
[12:39:24.767] - 0:0:0:0:0:0:0:1:web:wjdwldus1213@naver.com:http://localhost:8081/spring/resources/css/main-style.css
[12:39:24.768] - 0:0:0:0:0:0:0:1:web:wjdwldus1213@naver.com:http://localhost:8081/spring/resources/css/chat-style.css
[12:39:24.772] - 0:0:0:0:0:0:0:1:web:wjdwldus1213@naver.com:http://localhost:8081/spring/resources/images/top_logo.jpg
[12:39:24.772] - 0:0:0:0:0:0:0:1:web:wjdwldus1213@naver.com:http://localhost:8081/spring/resources/js/chat/chat.js
[12:39:24.858] - 0:0:0:0:0:0:0:1:web:wjdwldus1213@naver.com:http://localhost:8081/spring/resources/main/chunsickbackground.png
[12:39:24.878] - 0:0:0:0:0:0:0:1:web:wjdwldus1213@naver.com:http://localhost:8081/spring/chat/info?t=1683171564874
[12:39:24.884] - 0:0:0:0:0:0:0:1:web:wjdwldus1213@naver.com:http://localhost:8081/spring/chat/113/0rfrsgyo/websocket
[12:41:43.111] - 0:0:0:0:0:0:0:1:web:wjdwldus1213@naver.com:http://localhost:8081/spring/main
[12:41:43.226] - 0:0:0:0:0:0:0:1:web:wjdwldus1213@naver.com:http://localhost:8081/spring/member/selectAll
[12:41:44.733] - 0:0:0:0:0:0:0:1:web:wjdwldus1213@naver.com:http://localhost:8081/spring/member/logout
[12:41:44.738] - 0:0:0:0:0:0:0:1:web::http://localhost:8081/spring/main
[12:41:44.808] - 0:0:0:0:0:0:0:1:web::http://localhost:8081/spring/member/selectAll
[12:41:45.892] - 0:0:0:0:0:0:0:1:web::http://localhost:8081/spring/member/insert
[12:41:46.639] - 0:0:0:0:0:0:0:1:web::http://localhost:8081/spring/resources/css/signUp-style.css
[12:42:18.387] - 0:0:0:0:0:0:0:1:web::http://localhost:8081/spring/member/insert?userId=test@naver.com&userPwd=1234&nickName=test&phone=01022222222&address=test,test,test
[12:42:18.509] - 0:0:0:0:0:0:0:1:web::http://localhost:8081/spring/main
[12:42:18.604] - 0:0:0:0:0:0:0:1:web::http://localhost:8081/spring/member/selectAll
[12:42:28.256] - 0:0:0:0:0:0:0:1:web::http://localhost:8081/spring/member/login?userId=test@naver.com&userPwd=1234
[12:42:28.328] - 0:0:0:0:0:0:0:1:web:test@naver.com:http://localhost:8081/spring/main
[12:42:28.405] - 0:0:0:0:0:0:0:1:web:test@naver.com:http://localhost:8081/spring/member/selectAll
[12:42:30.209] - 0:0:0:0:0:0:0:1:web:test@naver.com:http://localhost:8081/spring/chat/chatRoomList
[12:42:34.360] - 0:0:0:0:0:0:0:1:web:test@naver.com:http://localhost:8081/spring/chat/room/21
[12:42:34.420] - 0:0:0:0:0:0:0:1:web:test@naver.com:http://localhost:8081/spring/resources/js/chat/chat.js
[12:42:34.467] - 0:0:0:0:0:0:0:1:web:test@naver.com:http://localhost:8081/spring/chat/info?t=1683171754463
[12:42:34.471] - 0:0:0:0:0:0:0:1:web:test@naver.com:http://localhost:8081/spring/chat/635/yzofsrhl/websocket
[12:43:23.969] - 0:0:0:0:0:0:0:1:web:test@naver.com:http://localhost:8081/spring/main
[12:43:24.053] - 0:0:0:0:0:0:0:1:web:test@naver.com:http://localhost:8081/spring/member/selectAll
[12:43:25.323] - 0:0:0:0:0:0:0:1:web:test@naver.com:http://localhost:8081/spring/member/logout
[12:43:25.326] - 0:0:0:0:0:0:0:1:web::http://localhost:8081/spring/main
[12:43:25.413] - 0:0:0:0:0:0:0:1:web::http://localhost:8081/spring/member/selectAll
[12:43:34.389] - 0:0:0:0:0:0:0:1:web::http://localhost:8081/spring/member/login?userId=wjdwldus1213@naver.com&userPwd=j880510!
[12:43:34.461] - 0:0:0:0:0:0:0:1:web:wjdwldus1213@naver.com:http://localhost:8081/spring/main
[12:43:34.542] - 0:0:0:0:0:0:0:1:web:wjdwldus1213@naver.com:http://localhost:8081/spring/member/selectAll
[12:43:36.226] - 0:0:0:0:0:0:0:1:web:wjdwldus1213@naver.com:http://localhost:8081/spring/chat/chatRoomList
[12:43:37.520] - 0:0:0:0:0:0:0:1:web:wjdwldus1213@naver.com:http://localhost:8081/spring/chat/room/21
[12:43:37.540] - 0:0:0:0:0:0:0:1:web:wjdwldus1213@naver.com:http://localhost:8081/spring/resources/js/chat/chat.js
[12:43:37.585] - 0:0:0:0:0:0:0:1:web:wjdwldus1213@naver.com:http://localhost:8081/spring/chat/info?t=1683171817582
[12:43:37.589] - 0:0:0:0:0:0:0:1:web:wjdwldus1213@naver.com:http://localhost:8081/spring/chat/788/0cw2nani/websocket
[13:33:36.417] - 0:0:0:0:0:0:0:1:web::http://localhost:8081/spring/main
[13:33:36.524] - 0:0:0:0:0:0:0:1:web::http://localhost:8081/spring/member/selectAll
[13:33:42.176] - 0:0:0:0:0:0:0:1:web::http://localhost:8081/spring/member/login?userId=wjdwldus1213@naver.com&userPwd=j880510!
[13:33:42.247] - 0:0:0:0:0:0:0:1:web:wjdwldus1213@naver.com:http://localhost:8081/spring/main
[13:33:42.329] - 0:0:0:0:0:0:0:1:web:wjdwldus1213@naver.com:http://localhost:8081/spring/member/selectAll
[13:33:44.117] - 0:0:0:0:0:0:0:1:web:wjdwldus1213@naver.com:http://localhost:8081/spring/chat/chatRoomList
[13:33:49.379] - 0:0:0:0:0:0:0:1:web:wjdwldus1213@naver.com:http://localhost:8081/spring/chat/room/21
[13:33:49.401] - 0:0:0:0:0:0:0:1:web:wjdwldus1213@naver.com:http://localhost:8081/spring/resources/js/chat/chat.js
[13:33:49.437] - 0:0:0:0:0:0:0:1:web:wjdwldus1213@naver.com:http://localhost:8081/spring/resources/main/chunsickbackground.png
[13:33:49.450] - 0:0:0:0:0:0:0:1:web:wjdwldus1213@naver.com:http://localhost:8081/spring/chat/info?t=1683174829448
[13:33:49.455] - 0:0:0:0:0:0:0:1:web:wjdwldus1213@naver.com:http://localhost:8081/spring/chat/037/afyvz3ft/websocket
[13:34:10.970] - 0:0:0:0:0:0:0:1:web::http://localhost:8081/spring/main
[13:34:11.001] - 0:0:0:0:0:0:0:1:web::http://localhost:8081/spring/resources/css/main-style.css
[13:34:11.439] - 0:0:0:0:0:0:0:1:web::http://localhost:8081/spring/resources/js/main/main.js
[13:34:11.439] - 0:0:0:0:0:0:0:1:web::http://localhost:8081/spring/resources/images/top_logo.jpg
[13:34:12.076] - 0:0:0:0:0:0:0:1:web::http://localhost:8081/spring/member/selectAll
[13:34:20.418] - 0:0:0:0:0:0:0:1:web::http://localhost:8081/spring/member/login?userId=test@naver.com&userPwd=1234
[13:34:20.498] - 0:0:0:0:0:0:0:1:web:test@naver.com:http://localhost:8081/spring/main
[13:34:20.591] - 0:0:0:0:0:0:0:1:web:test@naver.com:http://localhost:8081/spring/resources/images/user.jpg
[13:34:20.644] - 0:0:0:0:0:0:0:1:web:test@naver.com:http://localhost:8081/spring/member/selectAll
[13:34:22.556] - 0:0:0:0:0:0:0:1:web:test@naver.com:http://localhost:8081/spring/chat/chatRoomList
[13:34:23.852] - 0:0:0:0:0:0:0:1:web:test@naver.com:http://localhost:8081/spring/chat/room/21
[13:34:23.869] - 0:0:0:0:0:0:0:1:web:test@naver.com:http://localhost:8081/spring/resources/css/chat-style.css
[13:34:23.873] - 0:0:0:0:0:0:0:1:web:test@naver.com:http://localhost:8081/spring/resources/js/chat/chat.js
[13:34:24.260] - 0:0:0:0:0:0:0:1:web:test@naver.com:http://localhost:8081/spring/chat/info?t=1683174864229
[13:34:24.260] - 0:0:0:0:0:0:0:1:web:test@naver.com:http://localhost:8081/spring/resources/main/chunsickbackground.png
[13:34:24.268] - 0:0:0:0:0:0:0:1:web:test@naver.com:http://localhost:8081/spring/chat/815/qrnd3i24/websocket
[14:01:35.869] - 0:0:0:0:0:0:0:1:web::http://localhost:8081/spring/main
[14:01:36.033] - 0:0:0:0:0:0:0:1:web::http://localhost:8081/spring/member/selectAll
[14:01:42.510] - 0:0:0:0:0:0:0:1:web::http://localhost:8081/spring/member/login?userId=wjdwldus1213@naver.com&userPwd=j880510!
[14:01:42.638] - 0:0:0:0:0:0:0:1:web:wjdwldus1213@naver.com:http://localhost:8081/spring/main
[14:01:42.684] - 0:0:0:0:0:0:0:1:web:wjdwldus1213@naver.com:http://localhost:8081/spring/member/selectAll
[14:01:44.022] - 0:0:0:0:0:0:0:1:web:wjdwldus1213@naver.com:http://localhost:8081/spring/chat/chatRoomList
[14:01:45.785] - 0:0:0:0:0:0:0:1:web:wjdwldus1213@naver.com:http://localhost:8081/spring/chat/room/21
[14:01:46.705] - 0:0:0:0:0:0:0:1:web:wjdwldus1213@naver.com:http://localhost:8081/spring/resources/js/chat/chat.js
[14:01:46.721] - 0:0:0:0:0:0:0:1:web:wjdwldus1213@naver.com:http://localhost:8081/spring/resources/main/chunsickbackground.png
[14:01:46.727] - 0:0:0:0:0:0:0:1:web:wjdwldus1213@naver.com:http://localhost:8081/spring/chat/info?t=1683176506725
[14:01:46.751] - 0:0:0:0:0:0:0:1:web:wjdwldus1213@naver.com:http://localhost:8081/spring/chat/540/l5b4b3zi/websocket
[14:01:48.692] - 0:0:0:0:0:0:0:1:web:wjdwldus1213@naver.com:http://localhost:8081/spring/chat/exit?chatRoomNo=21
[14:01:48.782] - 0:0:0:0:0:0:0:1:web:wjdwldus1213@naver.com:http://localhost:8081/spring/chat/chatRoomList
[14:01:51.900] - 0:0:0:0:0:0:0:1:web:wjdwldus1213@naver.com:http://localhost:8081/spring/chat/room/21
[14:01:51.950] - 0:0:0:0:0:0:0:1:web:wjdwldus1213@naver.com:http://localhost:8081/spring/chat/info?t=1683176511948
[14:01:51.953] - 0:0:0:0:0:0:0:1:web:wjdwldus1213@naver.com:http://localhost:8081/spring/chat/061/tklbgf3n/websocket
[14:01:57.548] - 0:0:0:0:0:0:0:1:web:wjdwldus1213@naver.com:http://localhost:8081/spring/chat/exit?chatRoomNo=21
[14:01:57.557] - 0:0:0:0:0:0:0:1:web:wjdwldus1213@naver.com:http://localhost:8081/spring/chat/chatRoomList
[14:02:11.615] - 0:0:0:0:0:0:0:1:web:wjdwldus1213@naver.com:http://localhost:8081/spring/chat/openChatRoom?title=이리와~
[14:02:11.628] - 0:0:0:0:0:0:0:1:web:wjdwldus1213@naver.com:http://localhost:8081/spring/chat/room/23
[14:02:11.675] - 0:0:0:0:0:0:0:1:web:wjdwldus1213@naver.com:http://localhost:8081/spring/chat/info?t=1683176531668
[14:02:11.679] - 0:0:0:0:0:0:0:1:web:wjdwldus1213@naver.com:http://localhost:8081/spring/chat/479/y30uzl45/websocket
[14:02:50.012] - 0:0:0:0:0:0:0:1:web:wjdwldus1213@naver.com:http://localhost:8081/spring/chat/exit?chatRoomNo=23
[14:02:50.023] - 0:0:0:0:0:0:0:1:web:wjdwldus1213@naver.com:http://localhost:8081/spring/chat/chatRoomList
[14:24:48.122] - 0:0:0:0:0:0:0:1:web::http://localhost:8081/spring/main
[14:24:48.279] - 0:0:0:0:0:0:0:1:web::http://localhost:8081/spring/member/selectAll
[14:24:53.609] - 0:0:0:0:0:0:0:1:web::http://localhost:8081/spring/member/login?userId=test@naver.com&userPwd=1234
[14:24:53.744] - 0:0:0:0:0:0:0:1:web:test@naver.com:http://localhost:8081/spring/main
[14:24:53.798] - 0:0:0:0:0:0:0:1:web:test@naver.com:http://localhost:8081/spring/member/selectAll
[14:24:56.343] - 0:0:0:0:0:0:0:1:web:test@naver.com:http://localhost:8081/spring/board/list/N
[14:24:56.904] - 0:0:0:0:0:0:0:1:web:test@naver.com:http://localhost:8081/spring/chat/chatRoomList
[14:25:01.671] - 0:0:0:0:0:0:0:1:web:test@naver.com:http://localhost:8081/spring/chat/room/21
[14:25:01.760] - 0:0:0:0:0:0:0:1:web:test@naver.com:http://localhost:8081/spring/resources/js/chat/chat.js
[14:25:01.773] - 0:0:0:0:0:0:0:1:web:test@naver.com:http://localhost:8081/spring/resources/main/chunsickbackground.png
[14:25:01.784] - 0:0:0:0:0:0:0:1:web:test@naver.com:http://localhost:8081/spring/chat/info?t=1683177901780
[14:25:01.802] - 0:0:0:0:0:0:0:1:web:test@naver.com:http://localhost:8081/spring/chat/010/iganuqjj/websocket
[14:29:28.493] - 0:0:0:0:0:0:0:1:web:test@naver.com:http://localhost:8081/spring/chat/room/21
[14:29:28.549] - 0:0:0:0:0:0:0:1:web:test@naver.com:http://localhost:8081/spring/chat/info?t=1683178168546
[14:29:28.556] - 0:0:0:0:0:0:0:1:web:test@naver.com:http://localhost:8081/spring/chat/065/hapm0c12/websocket
[14:29:43.901] - 0:0:0:0:0:0:0:1:web:test@naver.com:http://localhost:8081/spring/chat/room/21
[14:29:43.929] - 0:0:0:0:0:0:0:1:web:test@naver.com:http://localhost:8081/spring/resources/css/chat-style.css
[14:29:43.929] - 0:0:0:0:0:0:0:1:web:test@naver.com:http://localhost:8081/spring/resources/css/main-style.css
[14:29:43.937] - 0:0:0:0:0:0:0:1:web:test@naver.com:http://localhost:8081/spring/resources/js/chat/chat.js
[14:29:43.937] - 0:0:0:0:0:0:0:1:web:test@naver.com:http://localhost:8081/spring/resources/images/top_logo.jpg
[14:29:44.314] - 0:0:0:0:0:0:0:1:web:test@naver.com:http://localhost:8081/spring/resources/main/chunsickbackground.png
[14:29:44.374] - 0:0:0:0:0:0:0:1:web:test@naver.com:http://localhost:8081/spring/chat/info?t=1683178184041
[14:29:44.392] - 0:0:0:0:0:0:0:1:web:test@naver.com:http://localhost:8081/spring/chat/597/jwfqmszd/websocket
[15:04:18.430] - 0:0:0:0:0:0:0:1:web::http://localhost:8081/spring/main
[15:04:18.669] - 0:0:0:0:0:0:0:1:web::http://localhost:8081/spring/member/selectAll
[15:04:22.763] - 0:0:0:0:0:0:0:1:web::http://localhost:8081/spring/member/login?userId=test@naver.com&userPwd=1234
[15:04:22.890] - 0:0:0:0:0:0:0:1:web:test@naver.com:http://localhost:8081/spring/main
[15:04:22.991] - 0:0:0:0:0:0:0:1:web:test@naver.com:http://localhost:8081/spring/member/selectAll
[15:04:24.290] - 0:0:0:0:0:0:0:1:web:test@naver.com:http://localhost:8081/spring/chat/chatRoomList
[15:04:26.619] - 0:0:0:0:0:0:0:1:web:test@naver.com:http://localhost:8081/spring/chat/room/21
[15:04:26.701] - 0:0:0:0:0:0:0:1:web:test@naver.com:http://localhost:8081/spring/resources/js/chat/chat.js
[15:04:26.735] - 0:0:0:0:0:0:0:1:web:test@naver.com:http://localhost:8081/spring/resources/main/chunsickbackground.png
[15:04:26.774] - 0:0:0:0:0:0:0:1:web:test@naver.com:http://localhost:8081/spring/chat/info?t=1683180266742
[15:04:26.798] - 0:0:0:0:0:0:0:1:web:test@naver.com:http://localhost:8081/spring/chat/016/vrvkmaum/websocket
[15:05:47.788] - 0:0:0:0:0:0:0:1:web::http://localhost:8081/spring/chat/room/21
[15:05:47.788] - 0:0:0:0:0:0:0:1:web::http://localhost:8081/spring/main
[15:05:48.031] - 0:0:0:0:0:0:0:1:web::http://localhost:8081/spring/member/selectAll
[15:05:52.231] - 0:0:0:0:0:0:0:1:web::http://localhost:8081/spring/member/login?userId=test@naver.com&userPwd=1234
[15:05:52.357] - 0:0:0:0:0:0:0:1:web:test@naver.com:http://localhost:8081/spring/main
[15:05:52.453] - 0:0:0:0:0:0:0:1:web:test@naver.com:http://localhost:8081/spring/member/selectAll
[15:05:53.835] - 0:0:0:0:0:0:0:1:web:test@naver.com:http://localhost:8081/spring/chat/chatRoomList
[15:05:55.242] - 0:0:0:0:0:0:0:1:web:test@naver.com:http://localhost:8081/spring/chat/room/21
[15:05:55.392] - 0:0:0:0:0:0:0:1:web:test@naver.com:http://localhost:8081/spring/chat/info?t=1683180355366
[15:05:55.411] - 0:0:0:0:0:0:0:1:web:test@naver.com:http://localhost:8081/spring/chat/061/vj2dwtl3/websocket
